<?xml version="1.0" encoding="UTF-8"?>
<!-- Generated by org.testng.reporters.JUnitReportReporter -->
<testsuite skipped="0" hostname="LAPTOP-2NCT89FI" name="yuneeksolutions.RESTAPITest" tests="1" failures="0" timestamp="2020-03-03T22:41:03 IST" time="0.001" errors="0">
  <testcase name="createJIRA" time="0.001" classname="yuneeksolutions.RESTAPITest"/>
  <system-out/>
</testsuite> <!-- yuneeksolutions.RESTAPITest -->
