<?xml version="1.0" encoding="UTF-8"?>
<!-- Generated by org.testng.reporters.JUnitReportReporter -->
<testsuite skipped="0" hostname="LAPTOP-2NCT89FI" name="yuneeksolutions.SeleniumTest" tests="1" failures="0" timestamp="2020-03-04T21:55:06 IST" time="0.008" errors="0">
  <testcase name="BrowserAutomation" time="0.008" classname="yuneeksolutions.SeleniumTest"/>
  <system-out/>
</testsuite> <!-- yuneeksolutions.SeleniumTest -->
