<?xml version="1.0" encoding="UTF-8"?>
<!-- Generated by org.testng.reporters.JUnitReportReporter -->
<testsuite skipped="0" hostname="LAPTOP-2NCT89FI" name="yuneeksolutions.AppiumTest" tests="1" failures="0" timestamp="2020-03-04T21:42:14 IST" time="0.006" errors="0">
  <testcase name="nativeApp" time="0.006" classname="yuneeksolutions.AppiumTest"/>
  <system-out/>
</testsuite> <!-- yuneeksolutions.AppiumTest -->
